[2025-12-27T15:20:28.756Z] Params: tag=formal-shirts
[2025-12-27T15:20:59.786Z] Params: tag=formal-shirts
[2025-12-30T12:51:17.425Z] Params: page=1&limit=2000&sort=newest&tag=formal-shirts
[2025-12-30T12:51:17.434Z] Params: page=1&limit=2000&sort=newest&tag=formal-shirts
[2025-12-30T12:51:19.011Z] Params: page=1&limit=2000&sort=newest&tag=formal-shirts
[2025-12-30T12:51:35.197Z] Params: page=1&limit=2000&category=Bottoms&sort=newest
[2025-12-30T12:53:39.468Z] Params: page=1&limit=2000&sort=newest&tag=bottoms
[2025-12-30T12:53:39.476Z] Params: page=1&limit=2000&sort=newest&tag=bottoms
[2025-12-30T12:53:41.396Z] Params: page=1&limit=2000&sort=newest&tag=bottoms
[2025-12-30T12:54:12.527Z] Params: page=1&limit=2000&sort=newest&isOfferDrop=false
[2025-12-30T12:54:12.538Z] Params: page=1&limit=2000&sort=newest&isOfferDrop=true
[2025-12-30T12:56:01.741Z] Params: page=1&limit=2000&sort=newest&isOfferDrop=false
[2025-12-30T12:56:01.743Z] Params: page=1&limit=2000&sort=newest&isOfferDrop=true
[2025-12-30T12:56:03.455Z] Params: page=1&limit=2000&sort=newest&isOfferDrop=false
[2025-12-30T12:56:03.457Z] Params: page=1&limit=2000&sort=newest&isOfferDrop=true
[2025-12-30T12:56:03.657Z] Params: page=1&limit=2000&sort=newest&isOfferDrop=false
[2025-12-30T12:56:03.662Z] Params: page=1&limit=2000&sort=newest&isOfferDrop=true
[2025-12-30T12:56:20.587Z] Params: page=1&limit=2000&sort=newest&tag=bottoms
[2025-12-30T12:57:02.881Z] Params: id=a1a3ef08-cb76-4638-9e96-a27e348fe786
[2025-12-30T12:57:04.838Z] Params: id=a1a3ef08-cb76-4638-9e96-a27e348fe786
[2025-12-30T12:57:05.571Z] Params: id=a1a3ef08-cb76-4638-9e96-a27e348fe786
[2025-12-30T12:57:36.599Z] Params: page=1&limit=2000&sort=newest&isOfferDrop=false
[2025-12-30T12:57:36.603Z] Params: page=1&limit=2000&sort=newest&isOfferDrop=true
[2025-12-30T12:57:38.424Z] Params: page=1&limit=2000&sort=newest&isOfferDrop=false
[2025-12-30T12:57:38.523Z] Params: page=1&limit=2000&sort=newest&isOfferDrop=true
[2025-12-30T12:57:38.529Z] Params: page=1&limit=2000&sort=newest&isOfferDrop=false
[2025-12-30T12:57:38.573Z] Params: page=1&limit=2000&sort=newest&isOfferDrop=true
[2025-12-30T12:57:55.622Z] Params: page=1&limit=2000&sort=newest&tag=bottoms
[2025-12-30T13:01:09.930Z] Params: page=1&limit=2000&sort=newest&isOfferDrop=false
[2025-12-30T13:01:09.935Z] Params: page=1&limit=2000&sort=newest&isOfferDrop=true
[2025-12-30T13:01:11.899Z] Params: page=1&limit=2000&sort=newest&isOfferDrop=false
[2025-12-30T13:01:11.906Z] Params: page=1&limit=2000&sort=newest&isOfferDrop=true
[2025-12-30T13:01:11.955Z] Params: page=1&limit=2000&sort=newest&isOfferDrop=false
[2025-12-30T13:01:12.000Z] Params: page=1&limit=2000&sort=newest&isOfferDrop=true
[2025-12-30T13:01:26.865Z] Params: page=1&limit=2000&sort=newest&tag=bottoms
[2025-12-30T13:01:45.684Z] Params: id=64a3647e-9157-4628-a7cd-b9cdaa8eab9d
[2025-12-30T13:01:47.912Z] Params: id=64a3647e-9157-4628-a7cd-b9cdaa8eab9d
[2025-12-30T13:01:48.613Z] Params: id=64a3647e-9157-4628-a7cd-b9cdaa8eab9d
[2025-12-30T13:02:33.613Z] Params: page=1&limit=2000&sort=newest&isOfferDrop=true
[2025-12-30T13:02:33.632Z] Params: page=1&limit=2000&sort=newest&isOfferDrop=false
[2025-12-30T13:02:35.875Z] Params: page=1&limit=2000&sort=newest&isOfferDrop=false
[2025-12-30T13:02:35.962Z] Params: page=1&limit=2000&sort=newest&isOfferDrop=true
[2025-12-30T13:02:36.192Z] Params: page=1&limit=2000&sort=newest&isOfferDrop=false
[2025-12-30T13:02:36.219Z] Params: page=1&limit=2000&sort=newest&isOfferDrop=true
[2025-12-30T13:02:56.489Z] Params: page=1&limit=2000&sort=newest&tag=bottoms
[2025-12-30T13:03:30.808Z] Params: page=1&limit=2000&sort=newest&tag=bottoms
[2025-12-30T13:03:30.812Z] Params: page=1&limit=2000&sort=newest&tag=bottoms
[2025-12-30T13:03:32.293Z] Params: page=1&limit=2000&sort=newest&tag=bottoms
