Loading .env.migration...
[dotenv@17.2.3] injecting env (3) from .env.migration -- tip: ≡ƒöæ add access controls to secrets: https://dotenvx.com/ops
Attempting to connect to old database...
node : Failed to connect 
to OLD database: Your 
project has exceeded the 
data transfer quota. 
Upgrade your plan to 
increase limits. error: 
Your project has exceeded 
the data transfer quota. 
Upgrade your plan to 
increase limits.
At line:1 char:1
+ node 
scripts/migrate-full.js "p
ostgresql://neondb_owner:n
pg_xCPFJZS5j ...
+ ~~~~~~~~~~~~~~~~~~~~~~~~
~~~~~~~~~~~~~~~~~~~~~~~~~~
~~~~~~~~~~~~~~~~~~~
    + CategoryInfo        
      : NotSpecified: (F  
  ailed to conne...ncre   
 ase limits.:String) [    
], RemoteException
    + FullyQualifiedError 
   Id : NativeCommandErr  
  or
 
    at C:\Users\Hari 
Haran\Documents\New folder
\node_modules\pg-pool\inde
x.js:45:11
    at process.processTick
sAndRejections (node:inter
nal/process/task_queues:10
3:5)
    at async migrate 
(C:\Users\Hari 
Haran\Documents\New folder
\scripts\migrate-full.js:7
1:21)
